<?xml version="1.0" encoding="UTF-8"?>
<testsuite xmlns:xsi="http://www.w3.org/2001/XMLSchema-instance" xsi:noNamespaceSchemaLocation="https://maven.apache.org/surefire/maven-surefire-plugin/xsd/surefire-test-report.xsd" version="3.0.2" name="com.healthy.BackEnd.BackEndApplicationTests" time="6.289" tests="1" errors="0" skipped="0" failures="0">
  <properties>
[...]
</properties>
  <testcase name="contextLoads" classname="com.healthy.BackEnd.BackEndApplicationTests" time="0.134">
    <system-out><![CDATA[02:42:53.705 [main] INFO org.springframework.test.context.support.AnnotationConfigContextLoaderUtils -- Could not detect default configuration classes for test class [com.healthy.BackEnd.BackEndApplicationTests]: BackEndApplicationTests does not declare any static, non-private, non-final, nested classes annotated with @Configuration.
02:42:53.786 [main] INFO org.springframework.boot.test.context.SpringBootTestContextBootstrapper -- Found @SpringBootConfiguration com.healthy.BackEnd.BackEndApplication for test class com.healthy.BackEnd.BackEndApplicationTests

  .   ____          _            __ _ _
 /\\ / ___'_ __ _ _(_)_ __  __ _ \ \ \ \
( ( )\___ | '_ | '_| | '_ \/ _` | \ \ \ \
 \\/  ___)| |_)| | | | | || (_| |  ) ) ) )
  '  |____| .__|_| |_|_| |_\__, | / / / /
 =========|_|==============|___/=/_/_/_/

 :: Spring Boot ::                (v3.4.1)

2025-01-23T02:42:54.134+07:00  INFO 10040 --- [           main] c.h.BackEnd.BackEndApplicationTests      : Starting BackEndApplicationTests using Java 21.0.5 with PID 10040 (started by nguye in C:\Users\nguye\Documents\FPT\SWP391_Project\BackEnd)
2025-01-23T02:42:54.135+07:00  INFO 10040 --- [           main] c.h.BackEnd.BackEndApplicationTests      : No active profile set, falling back to 1 default profile: "default"
2025-01-23T02:42:54.940+07:00  INFO 10040 --- [           main] .s.d.r.c.RepositoryConfigurationDelegate : Bootstrapping Spring Data JPA repositories in DEFAULT mode.
2025-01-23T02:42:55.024+07:00  INFO 10040 --- [           main] .s.d.r.c.RepositoryConfigurationDelegate : Finished Spring Data repository scanning in 73 ms. Found 20 JPA repository interfaces.
2025-01-23T02:42:55.598+07:00  INFO 10040 --- [           main] o.hibernate.jpa.internal.util.LogHelper  : HHH000204: Processing PersistenceUnitInfo [name: default]
2025-01-23T02:42:55.671+07:00  INFO 10040 --- [           main] org.hibernate.Version                    : HHH000412: Hibernate ORM core version 6.6.4.Final
2025-01-23T02:42:55.726+07:00  INFO 10040 --- [           main] o.h.c.internal.RegionFactoryInitiator    : HHH000026: Second-level cache disabled
2025-01-23T02:42:56.063+07:00  INFO 10040 --- [           main] o.s.o.j.p.SpringPersistenceUnitInfo      : No LoadTimeWeaver setup: ignoring JPA class transformer
2025-01-23T02:42:56.086+07:00  INFO 10040 --- [           main] com.zaxxer.hikari.HikariDataSource       : HikariPool-1 - Starting...
2025-01-23T02:42:56.325+07:00  INFO 10040 --- [           main] com.zaxxer.hikari.pool.HikariPool        : HikariPool-1 - Added connection com.mysql.cj.jdbc.ConnectionImpl@246df37b
2025-01-23T02:42:56.326+07:00  INFO 10040 --- [           main] com.zaxxer.hikari.HikariDataSource       : HikariPool-1 - Start completed.
2025-01-23T02:42:56.390+07:00  INFO 10040 --- [           main] org.hibernate.orm.connections.pooling    : HHH10001005: Database info:
	Database JDBC URL [Connecting through datasource 'HikariDataSource (HikariPool-1)']
	Database driver: undefined/unknown
	Database version: 8.4.3
	Autocommit mode: undefined/unknown
	Isolation level: undefined/unknown
	Minimum pool size: undefined/unknown
	Maximum pool size: undefined/unknown
2025-01-23T02:42:57.352+07:00  INFO 10040 --- [           main] o.h.e.t.j.p.i.JtaPlatformInitiator       : HHH000489: No JTA platform available (set 'hibernate.transaction.jta.platform' to enable JTA platform integration)
2025-01-23T02:42:57.596+07:00  INFO 10040 --- [           main] j.LocalContainerEntityManagerFactoryBean : Initialized JPA EntityManagerFactory for persistence unit 'default'
2025-01-23T02:42:58.652+07:00  INFO 10040 --- [           main] o.s.b.a.w.s.WelcomePageHandlerMapping    : Adding welcome page: class path resource [static/index.html]
2025-01-23T02:42:59.107+07:00  INFO 10040 --- [           main] c.h.BackEnd.BackEndApplicationTests      : Started BackEndApplicationTests in 5.196 seconds (process running for 5.978)
2025-01-23T02:42:59.275+07:00  WARN 10040 --- [           main] o.h.p.entity.AbstractEntityPersister     : HHH000502: The [user] property of the [com.healthy.BackEnd.entity.Students] entity was modified, but it won't be updated because the property is immutable.
2025-01-23T02:42:59.280+07:00  WARN 10040 --- [           main] o.h.p.entity.AbstractEntityPersister     : HHH000502: The [user] property of the [com.healthy.BackEnd.entity.Students] entity was modified, but it won't be updated because the property is immutable.
2025-01-23T02:42:59.286+07:00  WARN 10040 --- [           main] o.h.p.entity.AbstractEntityPersister     : HHH000502: The [child] property of the [com.healthy.BackEnd.entity.Parents] entity was modified, but it won't be updated because the property is immutable.
2025-01-23T02:42:59.286+07:00  WARN 10040 --- [           main] o.h.p.entity.AbstractEntityPersister     : HHH000502: The [user] property of the [com.healthy.BackEnd.entity.Parents] entity was modified, but it won't be updated because the property is immutable.
2025-01-23T02:42:59.290+07:00  WARN 10040 --- [           main] o.h.p.entity.AbstractEntityPersister     : HHH000502: The [child] property of the [com.healthy.BackEnd.entity.Parents] entity was modified, but it won't be updated because the property is immutable.
2025-01-23T02:42:59.290+07:00  WARN 10040 --- [           main] o.h.p.entity.AbstractEntityPersister     : HHH000502: The [user] property of the [com.healthy.BackEnd.entity.Parents] entity was modified, but it won't be updated because the property is immutable.
2025-01-23T02:42:59.295+07:00  WARN 10040 --- [           main] o.h.p.entity.AbstractEntityPersister     : HHH000502: The [user] property of the [com.healthy.BackEnd.entity.Psychologists] entity was modified, but it won't be updated because the property is immutable.
2025-01-23T02:42:59.299+07:00  WARN 10040 --- [           main] o.h.p.entity.AbstractEntityPersister     : HHH000502: The [user] property of the [com.healthy.BackEnd.entity.Psychologists] entity was modified, but it won't be updated because the property is immutable.
2025-01-23T02:42:59.307+07:00  WARN 10040 --- [           main] o.h.p.entity.AbstractEntityPersister     : HHH000502: The [psychologist] property of the [com.healthy.BackEnd.entity.TimeSlots] entity was modified, but it won't be updated because the property is immutable.
2025-01-23T02:42:59.321+07:00  WARN 10040 --- [           main] o.h.p.entity.AbstractEntityPersister     : HHH000502: The [psychologist] property of the [com.healthy.BackEnd.entity.TimeSlots] entity was modified, but it won't be updated because the property is immutable.
2025-01-23T02:42:59.334+07:00  WARN 10040 --- [           main] o.h.p.entity.AbstractEntityPersister     : HHH000502: The [psychologist] property of the [com.healthy.BackEnd.entity.TimeSlots] entity was modified, but it won't be updated because the property is immutable.
2025-01-23T02:42:59.346+07:00  WARN 10040 --- [           main] o.h.p.entity.AbstractEntityPersister     : HHH000502: The [psychologist] property of the [com.healthy.BackEnd.entity.TimeSlots] entity was modified, but it won't be updated because the property is immutable.
2025-01-23T02:42:59.359+07:00  WARN 10040 --- [           main] o.h.p.entity.AbstractEntityPersister     : HHH000502: The [psychologist] property of the [com.healthy.BackEnd.entity.TimeSlots] entity was modified, but it won't be updated because the property is immutable.
2025-01-23T02:42:59.371+07:00  WARN 10040 --- [           main] o.h.p.entity.AbstractEntityPersister     : HHH000502: The [psychologist] property of the [com.healthy.BackEnd.entity.TimeSlots] entity was modified, but it won't be updated because the property is immutable.
2025-01-23T02:42:59.382+07:00  WARN 10040 --- [           main] o.h.p.entity.AbstractEntityPersister     : HHH000502: The [psychologist] property of the [com.healthy.BackEnd.entity.TimeSlots] entity was modified, but it won't be updated because the property is immutable.
2025-01-23T02:42:59.397+07:00  WARN 10040 --- [           main] o.h.p.entity.AbstractEntityPersister     : HHH000502: The [psychologist] property of the [com.healthy.BackEnd.entity.TimeSlots] entity was modified, but it won't be updated because the property is immutable.
2025-01-23T02:42:59.407+07:00  WARN 10040 --- [           main] o.h.p.entity.AbstractEntityPersister     : HHH000502: The [psychologist] property of the [com.healthy.BackEnd.entity.TimeSlots] entity was modified, but it won't be updated because the property is immutable.
2025-01-23T02:42:59.419+07:00  WARN 10040 --- [           main] o.h.p.entity.AbstractEntityPersister     : HHH000502: The [psychologist] property of the [com.healthy.BackEnd.entity.TimeSlots] entity was modified, but it won't be updated because the property is immutable.
2025-01-23T02:42:59.430+07:00  WARN 10040 --- [           main] o.h.p.entity.AbstractEntityPersister     : HHH000502: The [psychologist] property of the [com.healthy.BackEnd.entity.TimeSlots] entity was modified, but it won't be updated because the property is immutable.
2025-01-23T02:42:59.443+07:00  WARN 10040 --- [           main] o.h.p.entity.AbstractEntityPersister     : HHH000502: The [psychologist] property of the [com.healthy.BackEnd.entity.TimeSlots] entity was modified, but it won't be updated because the property is immutable.
2025-01-23T02:42:59.456+07:00  WARN 10040 --- [           main] o.h.p.entity.AbstractEntityPersister     : HHH000502: The [managedByStaff] property of the [com.healthy.BackEnd.entity.Programs] entity was modified, but it won't be updated because the property is immutable.
2025-01-23T02:42:59.461+07:00  WARN 10040 --- [           main] o.h.p.entity.AbstractEntityPersister     : HHH000502: The [managedByStaff] property of the [com.healthy.BackEnd.entity.Programs] entity was modified, but it won't be updated because the property is immutable.
2025-01-23T02:42:59.467+07:00  WARN 10040 --- [           main] o.h.p.entity.AbstractEntityPersister     : HHH000502: The [managedByStaff] property of the [com.healthy.BackEnd.entity.Programs] entity was modified, but it won't be updated because the property is immutable.
2025-01-23T02:42:59.472+07:00  WARN 10040 --- [           main] o.h.p.entity.AbstractEntityPersister     : HHH000502: The [program] property of the [com.healthy.BackEnd.entity.ProgramSchedule] entity was modified, but it won't be updated because the property is immutable.
2025-01-23T02:42:59.476+07:00  WARN 10040 --- [           main] o.h.p.entity.AbstractEntityPersister     : HHH000502: The [program] property of the [com.healthy.BackEnd.entity.ProgramSchedule] entity was modified, but it won't be updated because the property is immutable.
2025-01-23T02:42:59.481+07:00  WARN 10040 --- [           main] o.h.p.entity.AbstractEntityPersister     : HHH000502: The [program] property of the [com.healthy.BackEnd.entity.ProgramSchedule] entity was modified, but it won't be updated because the property is immutable.
2025-01-23T02:42:59.486+07:00  WARN 10040 --- [           main] o.h.p.entity.AbstractEntityPersister     : HHH000502: The [program] property of the [com.healthy.BackEnd.entity.ProgramParticipation] entity was modified, but it won't be updated because the property is immutable.
2025-01-23T02:42:59.486+07:00  WARN 10040 --- [           main] o.h.p.entity.AbstractEntityPersister     : HHH000502: The [student] property of the [com.healthy.BackEnd.entity.ProgramParticipation] entity was modified, but it won't be updated because the property is immutable.
2025-01-23T02:42:59.490+07:00  WARN 10040 --- [           main] o.h.p.entity.AbstractEntityPersister     : HHH000502: The [program] property of the [com.healthy.BackEnd.entity.ProgramParticipation] entity was modified, but it won't be updated because the property is immutable.
2025-01-23T02:42:59.490+07:00  WARN 10040 --- [           main] o.h.p.entity.AbstractEntityPersister     : HHH000502: The [student] property of the [com.healthy.BackEnd.entity.ProgramParticipation] entity was modified, but it won't be updated because the property is immutable.
2025-01-23T02:42:59.507+07:00  WARN 10040 --- [           main] o.h.p.entity.AbstractEntityPersister     : HHH000502: The [category] property of the [com.healthy.BackEnd.entity.Surveys] entity was modified, but it won't be updated because the property is immutable.
2025-01-23T02:42:59.507+07:00  WARN 10040 --- [           main] o.h.p.entity.AbstractEntityPersister     : HHH000502: The [creator] property of the [com.healthy.BackEnd.entity.Surveys] entity was modified, but it won't be updated because the property is immutable.
2025-01-23T02:42:59.511+07:00  WARN 10040 --- [           main] o.h.p.entity.AbstractEntityPersister     : HHH000502: The [category] property of the [com.healthy.BackEnd.entity.Surveys] entity was modified, but it won't be updated because the property is immutable.
2025-01-23T02:42:59.511+07:00  WARN 10040 --- [           main] o.h.p.entity.AbstractEntityPersister     : HHH000502: The [creator] property of the [com.healthy.BackEnd.entity.Surveys] entity was modified, but it won't be updated because the property is immutable.
2025-01-23T02:42:59.515+07:00  WARN 10040 --- [           main] o.h.p.entity.AbstractEntityPersister     : HHH000502: The [category] property of the [com.healthy.BackEnd.entity.Surveys] entity was modified, but it won't be updated because the property is immutable.
2025-01-23T02:42:59.515+07:00  WARN 10040 --- [           main] o.h.p.entity.AbstractEntityPersister     : HHH000502: The [creator] property of the [com.healthy.BackEnd.entity.Surveys] entity was modified, but it won't be updated because the property is immutable.
2025-01-23T02:42:59.519+07:00  WARN 10040 --- [           main] o.h.p.entity.AbstractEntityPersister     : HHH000502: The [category] property of the [com.healthy.BackEnd.entity.SurveyQuestions] entity was modified, but it won't be updated because the property is immutable.
2025-01-23T02:42:59.519+07:00  WARN 10040 --- [           main] o.h.p.entity.AbstractEntityPersister     : HHH000502: The [survey] property of the [com.healthy.BackEnd.entity.SurveyQuestions] entity was modified, but it won't be updated because the property is immutable.
2025-01-23T02:42:59.522+07:00  WARN 10040 --- [           main] o.h.p.entity.AbstractEntityPersister     : HHH000502: The [category] property of the [com.healthy.BackEnd.entity.SurveyQuestions] entity was modified, but it won't be updated because the property is immutable.
2025-01-23T02:42:59.522+07:00  WARN 10040 --- [           main] o.h.p.entity.AbstractEntityPersister     : HHH000502: The [survey] property of the [com.healthy.BackEnd.entity.SurveyQuestions] entity was modified, but it won't be updated because the property is immutable.
2025-01-23T02:42:59.529+07:00  WARN 10040 --- [           main] o.h.p.entity.AbstractEntityPersister     : HHH000502: The [category] property of the [com.healthy.BackEnd.entity.SurveyQuestions] entity was modified, but it won't be updated because the property is immutable.
2025-01-23T02:42:59.529+07:00  WARN 10040 --- [           main] o.h.p.entity.AbstractEntityPersister     : HHH000502: The [survey] property of the [com.healthy.BackEnd.entity.SurveyQuestions] entity was modified, but it won't be updated because the property is immutable.
2025-01-23T02:42:59.534+07:00  WARN 10040 --- [           main] o.h.p.entity.AbstractEntityPersister     : HHH000502: The [category] property of the [com.healthy.BackEnd.entity.SurveyQuestions] entity was modified, but it won't be updated because the property is immutable.
2025-01-23T02:42:59.534+07:00  WARN 10040 --- [           main] o.h.p.entity.AbstractEntityPersister     : HHH000502: The [survey] property of the [com.healthy.BackEnd.entity.SurveyQuestions] entity was modified, but it won't be updated because the property is immutable.
2025-01-23T02:42:59.538+07:00  WARN 10040 --- [           main] o.h.p.entity.AbstractEntityPersister     : HHH000502: The [category] property of the [com.healthy.BackEnd.entity.SurveyQuestions] entity was modified, but it won't be updated because the property is immutable.
2025-01-23T02:42:59.538+07:00  WARN 10040 --- [           main] o.h.p.entity.AbstractEntityPersister     : HHH000502: The [survey] property of the [com.healthy.BackEnd.entity.SurveyQuestions] entity was modified, but it won't be updated because the property is immutable.
2025-01-23T02:42:59.543+07:00  WARN 10040 --- [           main] o.h.p.entity.AbstractEntityPersister     : HHH000502: The [category] property of the [com.healthy.BackEnd.entity.SurveyQuestions] entity was modified, but it won't be updated because the property is immutable.
2025-01-23T02:42:59.543+07:00  WARN 10040 --- [           main] o.h.p.entity.AbstractEntityPersister     : HHH000502: The [survey] property of the [com.healthy.BackEnd.entity.SurveyQuestions] entity was modified, but it won't be updated because the property is immutable.
2025-01-23T02:42:59.548+07:00  WARN 10040 --- [           main] o.h.p.entity.AbstractEntityPersister     : HHH000502: The [question] property of the [com.healthy.BackEnd.entity.Answers] entity was modified, but it won't be updated because the property is immutable.
2025-01-23T02:42:59.553+07:00  WARN 10040 --- [           main] o.h.p.entity.AbstractEntityPersister     : HHH000502: The [question] property of the [com.healthy.BackEnd.entity.Answers] entity was modified, but it won't be updated because the property is immutable.
2025-01-23T02:42:59.557+07:00  WARN 10040 --- [           main] o.h.p.entity.AbstractEntityPersister     : HHH000502: The [question] property of the [com.healthy.BackEnd.entity.Answers] entity was modified, but it won't be updated because the property is immutable.
2025-01-23T02:42:59.561+07:00  WARN 10040 --- [           main] o.h.p.entity.AbstractEntityPersister     : HHH000502: The [question] property of the [com.healthy.BackEnd.entity.Answers] entity was modified, but it won't be updated because the property is immutable.
2025-01-23T02:42:59.565+07:00  WARN 10040 --- [           main] o.h.p.entity.AbstractEntityPersister     : HHH000502: The [question] property of the [com.healthy.BackEnd.entity.Answers] entity was modified, but it won't be updated because the property is immutable.
2025-01-23T02:42:59.568+07:00  WARN 10040 --- [           main] o.h.p.entity.AbstractEntityPersister     : HHH000502: The [question] property of the [com.healthy.BackEnd.entity.Answers] entity was modified, but it won't be updated because the property is immutable.
2025-01-23T02:42:59.571+07:00  WARN 10040 --- [           main] o.h.p.entity.AbstractEntityPersister     : HHH000502: The [question] property of the [com.healthy.BackEnd.entity.Answers] entity was modified, but it won't be updated because the property is immutable.
2025-01-23T02:42:59.575+07:00  WARN 10040 --- [           main] o.h.p.entity.AbstractEntityPersister     : HHH000502: The [question] property of the [com.healthy.BackEnd.entity.Answers] entity was modified, but it won't be updated because the property is immutable.
2025-01-23T02:42:59.579+07:00  WARN 10040 --- [           main] o.h.p.entity.AbstractEntityPersister     : HHH000502: The [question] property of the [com.healthy.BackEnd.entity.Answers] entity was modified, but it won't be updated because the property is immutable.
2025-01-23T02:42:59.582+07:00  WARN 10040 --- [           main] o.h.p.entity.AbstractEntityPersister     : HHH000502: The [question] property of the [com.healthy.BackEnd.entity.Answers] entity was modified, but it won't be updated because the property is immutable.
2025-01-23T02:42:59.586+07:00  WARN 10040 --- [           main] o.h.p.entity.AbstractEntityPersister     : HHH000502: The [question] property of the [com.healthy.BackEnd.entity.Answers] entity was modified, but it won't be updated because the property is immutable.
2025-01-23T02:42:59.590+07:00  WARN 10040 --- [           main] o.h.p.entity.AbstractEntityPersister     : HHH000502: The [question] property of the [com.healthy.BackEnd.entity.Answers] entity was modified, but it won't be updated because the property is immutable.
2025-01-23T02:42:59.593+07:00  WARN 10040 --- [           main] o.h.p.entity.AbstractEntityPersister     : HHH000502: The [question] property of the [com.healthy.BackEnd.entity.Answers] entity was modified, but it won't be updated because the property is immutable.
2025-01-23T02:42:59.596+07:00  WARN 10040 --- [           main] o.h.p.entity.AbstractEntityPersister     : HHH000502: The [question] property of the [com.healthy.BackEnd.entity.Answers] entity was modified, but it won't be updated because the property is immutable.
2025-01-23T02:42:59.599+07:00  WARN 10040 --- [           main] o.h.p.entity.AbstractEntityPersister     : HHH000502: The [question] property of the [com.healthy.BackEnd.entity.Answers] entity was modified, but it won't be updated because the property is immutable.
2025-01-23T02:42:59.603+07:00  WARN 10040 --- [           main] o.h.p.entity.AbstractEntityPersister     : HHH000502: The [question] property of the [com.healthy.BackEnd.entity.Answers] entity was modified, but it won't be updated because the property is immutable.
2025-01-23T02:42:59.607+07:00  WARN 10040 --- [           main] o.h.p.entity.AbstractEntityPersister     : HHH000502: The [question] property of the [com.healthy.BackEnd.entity.Answers] entity was modified, but it won't be updated because the property is immutable.
2025-01-23T02:42:59.611+07:00  WARN 10040 --- [           main] o.h.p.entity.AbstractEntityPersister     : HHH000502: The [question] property of the [com.healthy.BackEnd.entity.Answers] entity was modified, but it won't be updated because the property is immutable.
2025-01-23T02:42:59.615+07:00  WARN 10040 --- [           main] o.h.p.entity.AbstractEntityPersister     : HHH000502: The [question] property of the [com.healthy.BackEnd.entity.Answers] entity was modified, but it won't be updated because the property is immutable.
2025-01-23T02:42:59.619+07:00  WARN 10040 --- [           main] o.h.p.entity.AbstractEntityPersister     : HHH000502: The [question] property of the [com.healthy.BackEnd.entity.Answers] entity was modified, but it won't be updated because the property is immutable.
2025-01-23T02:42:59.622+07:00  WARN 10040 --- [           main] o.h.p.entity.AbstractEntityPersister     : HHH000502: The [question] property of the [com.healthy.BackEnd.entity.Answers] entity was modified, but it won't be updated because the property is immutable.
2025-01-23T02:42:59.625+07:00  WARN 10040 --- [           main] o.h.p.entity.AbstractEntityPersister     : HHH000502: The [question] property of the [com.healthy.BackEnd.entity.Answers] entity was modified, but it won't be updated because the property is immutable.
2025-01-23T02:42:59.629+07:00  WARN 10040 --- [           main] o.h.p.entity.AbstractEntityPersister     : HHH000502: The [question] property of the [com.healthy.BackEnd.entity.Answers] entity was modified, but it won't be updated because the property is immutable.
2025-01-23T02:42:59.634+07:00  WARN 10040 --- [           main] o.h.p.entity.AbstractEntityPersister     : HHH000502: The [question] property of the [com.healthy.BackEnd.entity.Answers] entity was modified, but it won't be updated because the property is immutable.
2025-01-23T02:42:59.640+07:00  WARN 10040 --- [           main] o.h.p.entity.AbstractEntityPersister     : HHH000502: The [answer] property of the [com.healthy.BackEnd.entity.SurveyResults] entity was modified, but it won't be updated because the property is immutable.
2025-01-23T02:42:59.640+07:00  WARN 10040 --- [           main] o.h.p.entity.AbstractEntityPersister     : HHH000502: The [question] property of the [com.healthy.BackEnd.entity.SurveyResults] entity was modified, but it won't be updated because the property is immutable.
2025-01-23T02:42:59.640+07:00  WARN 10040 --- [           main] o.h.p.entity.AbstractEntityPersister     : HHH000502: The [student] property of the [com.healthy.BackEnd.entity.SurveyResults] entity was modified, but it won't be updated because the property is immutable.
2025-01-23T02:42:59.644+07:00  WARN 10040 --- [           main] o.h.p.entity.AbstractEntityPersister     : HHH000502: The [answer] property of the [com.healthy.BackEnd.entity.SurveyResults] entity was modified, but it won't be updated because the property is immutable.
2025-01-23T02:42:59.644+07:00  WARN 10040 --- [           main] o.h.p.entity.AbstractEntityPersister     : HHH000502: The [question] property of the [com.healthy.BackEnd.entity.SurveyResults] entity was modified, but it won't be updated because the property is immutable.
2025-01-23T02:42:59.644+07:00  WARN 10040 --- [           main] o.h.p.entity.AbstractEntityPersister     : HHH000502: The [student] property of the [com.healthy.BackEnd.entity.SurveyResults] entity was modified, but it won't be updated because the property is immutable.
2025-01-23T02:42:59.650+07:00  WARN 10040 --- [           main] o.h.p.entity.AbstractEntityPersister     : HHH000502: The [psychologist] property of the [com.healthy.BackEnd.entity.StudentNotes] entity was modified, but it won't be updated because the property is immutable.
2025-01-23T02:42:59.650+07:00  WARN 10040 --- [           main] o.h.p.entity.AbstractEntityPersister     : HHH000502: The [student] property of the [com.healthy.BackEnd.entity.StudentNotes] entity was modified, but it won't be updated because the property is immutable.
2025-01-23T02:42:59.653+07:00  WARN 10040 --- [           main] o.h.p.entity.AbstractEntityPersister     : HHH000502: The [psychologist] property of the [com.healthy.BackEnd.entity.StudentNotes] entity was modified, but it won't be updated because the property is immutable.
2025-01-23T02:42:59.653+07:00  WARN 10040 --- [           main] o.h.p.entity.AbstractEntityPersister     : HHH000502: The [student] property of the [com.healthy.BackEnd.entity.StudentNotes] entity was modified, but it won't be updated because the property is immutable.
2025-01-23T02:42:59.660+07:00  WARN 10040 --- [           main] o.h.p.entity.AbstractEntityPersister     : HHH000502: The [user] property of the [com.healthy.BackEnd.entity.UserLogs] entity was modified, but it won't be updated because the property is immutable.
2025-01-23T02:42:59.664+07:00  WARN 10040 --- [           main] o.h.p.entity.AbstractEntityPersister     : HHH000502: The [user] property of the [com.healthy.BackEnd.entity.UserLogs] entity was modified, but it won't be updated because the property is immutable.
2025-01-23T02:42:59.670+07:00  WARN 10040 --- [           main] o.h.p.entity.AbstractEntityPersister     : HHH000502: The [createdByUser] property of the [com.healthy.BackEnd.entity.Blog] entity was modified, but it won't be updated because the property is immutable.
2025-01-23T02:42:59.674+07:00  WARN 10040 --- [           main] o.h.p.entity.AbstractEntityPersister     : HHH000502: The [createdByUser] property of the [com.healthy.BackEnd.entity.Blog] entity was modified, but it won't be updated because the property is immutable.
2025-01-23T02:42:59.679+07:00  WARN 10040 --- [           main] o.h.p.entity.AbstractEntityPersister     : HHH000502: The [psychologist] property of the [com.healthy.BackEnd.entity.Appointments] entity was modified, but it won't be updated because the property is immutable.
2025-01-23T02:42:59.679+07:00  WARN 10040 --- [           main] o.h.p.entity.AbstractEntityPersister     : HHH000502: The [student] property of the [com.healthy.BackEnd.entity.Appointments] entity was modified, but it won't be updated because the property is immutable.
2025-01-23T02:42:59.679+07:00  WARN 10040 --- [           main] o.h.p.entity.AbstractEntityPersister     : HHH000502: The [timeSlot] property of the [com.healthy.BackEnd.entity.Appointments] entity was modified, but it won't be updated because the property is immutable.
2025-01-23T02:42:59.691+07:00  WARN 10040 --- [           main] o.h.p.entity.AbstractEntityPersister     : HHH000502: The [psychologist] property of the [com.healthy.BackEnd.entity.Appointments] entity was modified, but it won't be updated because the property is immutable.
2025-01-23T02:42:59.692+07:00  WARN 10040 --- [           main] o.h.p.entity.AbstractEntityPersister     : HHH000502: The [student] property of the [com.healthy.BackEnd.entity.Appointments] entity was modified, but it won't be updated because the property is immutable.
2025-01-23T02:42:59.692+07:00  WARN 10040 --- [           main] o.h.p.entity.AbstractEntityPersister     : HHH000502: The [timeSlot] property of the [com.healthy.BackEnd.entity.Appointments] entity was modified, but it won't be updated because the property is immutable.
2025-01-23T02:42:59.703+07:00  WARN 10040 --- [           main] o.h.p.entity.AbstractEntityPersister     : HHH000502: The [appointment] property of the [com.healthy.BackEnd.entity.AppointmentHistory] entity was modified, but it won't be updated because the property is immutable.
2025-01-23T02:42:59.703+07:00  WARN 10040 --- [           main] o.h.p.entity.AbstractEntityPersister     : HHH000502: The [changedByUser] property of the [com.healthy.BackEnd.entity.AppointmentHistory] entity was modified, but it won't be updated because the property is immutable.
2025-01-23T02:42:59.708+07:00  WARN 10040 --- [           main] o.h.p.entity.AbstractEntityPersister     : HHH000502: The [appointment] property of the [com.healthy.BackEnd.entity.AppointmentHistory] entity was modified, but it won't be updated because the property is immutable.
2025-01-23T02:42:59.708+07:00  WARN 10040 --- [           main] o.h.p.entity.AbstractEntityPersister     : HHH000502: The [changedByUser] property of the [com.healthy.BackEnd.entity.AppointmentHistory] entity was modified, but it won't be updated because the property is immutable.
2025-01-23T02:42:59.713+07:00  WARN 10040 --- [           main] o.h.p.entity.AbstractEntityPersister     : HHH000502: The [user] property of the [com.healthy.BackEnd.entity.Notifications] entity was modified, but it won't be updated because the property is immutable.
2025-01-23T02:42:59.717+07:00  WARN 10040 --- [           main] o.h.p.entity.AbstractEntityPersister     : HHH000502: The [user] property of the [com.healthy.BackEnd.entity.Notifications] entity was modified, but it won't be updated because the property is immutable.
]]></system-out>
  </testcase>
</testsuite>